  Bank System OOP Version.cpp
C:\Users\king\source\repos\Bank System OOP Version\Bank System OOP Version\ClsString.h(40,25): warning C4267: 'return': conversion from 'size_t' to 'short', possible loss of data
  (compiling source file 'Bank%20System%20OOP%20Version.cpp')
  
C:\Users\king\source\repos\Bank System OOP Version\Bank System OOP Version\ClsString.h(45,29): warning C4267: 'return': conversion from 'size_t' to 'short', possible loss of data
  (compiling source file 'Bank%20System%20OOP%20Version.cpp')
  
C:\Users\king\source\repos\Bank System OOP Version\Bank System OOP Version\ClsString.h(56,30): warning C4267: '=': conversion from 'size_t' to 'short', possible loss of data
  (compiling source file 'Bank%20System%20OOP%20Version.cpp')
  
C:\Users\king\source\repos\Bank System OOP Version\Bank System OOP Version\ClsString.h(188,29): warning C4267: 'return': conversion from 'size_t' to 'short', possible loss of data
  (compiling source file 'Bank%20System%20OOP%20Version.cpp')
  
C:\Users\king\source\repos\Bank System OOP Version\Bank System OOP Version\ClsString.h(318,30): warning C4267: '=': conversion from 'size_t' to 'short', possible loss of data
  (compiling source file 'Bank%20System%20OOP%20Version.cpp')
  
C:\Users\king\source\repos\Bank System OOP Version\Bank System OOP Version\ClsString.h(362,22): warning C4267: 'initializing': conversion from 'size_t' to 'short', possible loss of data
  (compiling source file 'Bank%20System%20OOP%20Version.cpp')
  
C:\Users\king\source\repos\Bank System OOP Version\Bank System OOP Version\clsBankClient.h(177,12): warning C4240: nonstandard extension used: access to 'clsBankClient::strTransfeRegister' now defined to be 'public', previously it was defined to be 'private'
  (compiling source file 'Bank%20System%20OOP%20Version.cpp')
      C:\Users\king\source\repos\Bank System OOP Version\Bank System OOP Version\clsBankClient.h(131,12):
      see declaration of 'clsBankClient::strTransfeRegister'
  
C:\Users\king\source\repos\Bank System OOP Version\Bank System OOP Version\clsBankClient.h(30,65): warning C4244: 'argument': conversion from 'double' to 'float', possible loss of data
  (compiling source file 'Bank%20System%20OOP%20Version.cpp')
  
C:\Users\king\source\repos\Bank System OOP Version\Bank System OOP Version\clsBankClient.h(362,28): warning C4244: '+=': conversion from 'double' to 'float', possible loss of data
  (compiling source file 'Bank%20System%20OOP%20Version.cpp')
  
C:\Users\king\source\repos\Bank System OOP Version\Bank System OOP Version\clsBankClient.h(374,32): warning C4244: '-=': conversion from 'double' to 'float', possible loss of data
  (compiling source file 'Bank%20System%20OOP%20Version.cpp')
  
C:\Users\king\source\repos\Bank System OOP Version\Bank System OOP Version\clsTotalBalancesScreen.h(57,82): warning C4244: 'argument': conversion from 'double' to 'int', possible loss of data
  (compiling source file 'Bank%20System%20OOP%20Version.cpp')
  
C:\Users\king\source\repos\Bank System OOP Version\Bank System OOP Version\clsCurrency.h(27,17): warning C4244: 'argument': conversion from 'double' to 'float', possible loss of data
  (compiling source file 'Bank%20System%20OOP%20Version.cpp')
  
C:\Users\king\source\repos\Bank System OOP Version\Bank System OOP Version\clsBankClient.h(326,1): warning C4715: 'clsBankClient::Save': not all control paths return a value
C:\Users\king\source\repos\Bank System OOP Version\Bank System OOP Version\clsUser.h(322,1): warning C4715: 'clsUser::Save': not all control paths return a value
  Bank System OOP Version.vcxproj -> C:\Users\king\source\repos\Bank System OOP Version\x64\Debug\Bank System OOP Version.exe
